d:29.11.2021 19:50:53	pid:3972	m:'database has been opened successfully'
d:29.11.2021 19:50:53	pid:3972	m:'uchat_server started'
d:29.11.2021 19:51:46	pid:4365	m:'database has been opened successfully'
d:29.11.2021 19:54:17	pid:4742	m:'database has been opened successfully'
d:29.11.2021 19:54:17	pid:4742	m:'uchat_server started'
d:29.11.2021 19:55:32	pid:5467	m:'database has been opened successfully'
d:29.11.2021 19:55:32	pid:5467	m:'uchat_server started'
d:29.11.2021 21:13:06	pid:9922	m:'database has been opened successfully'
d:29.11.2021 21:13:06	pid:9922	m:'uchat_server started'
d:29.11.2021 21:17:20	pid:10872	m:'database has been opened successfully'
d:29.11.2021 21:17:20	pid:10872	m:'uchat_server started'
d:29.11.2021 21:24:22	pid:12882	m:'database has been opened successfully'
d:29.11.2021 21:24:22	pid:12882	m:'uchat_server started'
d:29.11.2021 22:55:40	pid:20013	m:'database has been opened successfully'
d:29.11.2021 22:55:40	pid:20013	m:'uchat_server started'
d:29.11.2021 23:02:54	pid:21085	m:'database has been opened successfully'
d:29.11.2021 23:02:54	pid:21085	m:'uchat_server started'
d:29.11.2021 23:05:24	pid:22068	m:'database has been opened successfully'
d:29.11.2021 23:05:24	pid:22068	m:'uchat_server started'
d:29.11.2021 23:09:04	pid:22501	m:'database has been opened successfully'
d:29.11.2021 23:09:04	pid:22501	m:'uchat_server started'
d:29.11.2021 23:10:41	pid:22976	m:'database has been opened successfully'
d:29.11.2021 23:10:41	pid:22976	m:'uchat_server started'
d:29.11.2021 23:11:21	pid:23266	m:'database has been opened successfully'
d:29.11.2021 23:11:21	pid:23266	m:'uchat_server started'
d:29.11.2021 23:20:16	pid:24124	m:'database has been opened successfully'
d:29.11.2021 23:20:16	pid:24124	m:'uchat_server started'
d:29.11.2021 23:22:18	pid:24897	m:'database has been opened successfully'
d:29.11.2021 23:22:18	pid:24897	m:'uchat_server started'
d:29.11.2021 23:24:48	pid:25331	m:'database has been opened successfully'
d:29.11.2021 23:24:48	pid:25331	m:'uchat_server started'
d:29.11.2021 23:25:14	pid:25557	m:'database has been opened successfully'
d:29.11.2021 23:25:14	pid:25557	m:'uchat_server started'
d:30.11.2021 13:51:21	pid:7429	m:'database has been opened successfully'
d:30.11.2021 13:51:21	pid:7429	m:'uchat_server started'
d:30.11.2021 14:14:08	pid:12555	m:'database has been opened successfully'
d:30.11.2021 14:14:08	pid:12555	m:'uchat_server started'
d:30.11.2021 14:19:17	pid:13981	m:'database has been opened successfully'
d:30.11.2021 14:19:17	pid:13981	m:'uchat_server started'
d:30.11.2021 14:24:03	pid:15128	m:'database has been opened successfully'
d:30.11.2021 14:24:03	pid:15128	m:'uchat_server started'
d:30.11.2021 14:27:53	pid:15891	m:'database has been opened successfully'
d:30.11.2021 14:40:01	pid:18799	m:'database has been opened successfully'
d:30.11.2021 14:40:01	pid:18799	m:'uchat_server started'
d:30.11.2021 14:47:26	pid:18799	m:'Write string error'
d:30.11.2021 14:47:26	pid:18799	m:'Error send'
d:30.11.2021 14:47:26	pid:18799	m:'Write string error'
d:30.11.2021 14:47:26	pid:18799	m:'Error send'
d:30.11.2021 16:18:54	pid:10037	m:'database has been opened successfully'
d:30.11.2021 16:18:54	pid:10037	m:'uchat_server started'
d:30.11.2021 16:48:29	pid:26725	m:'database has been opened successfully'
d:30.11.2021 16:48:29	pid:26725	m:'uchat_server started'
d: 1.12.2021 10:45:29	pid:26864	m:'database has been opened successfully'
d: 1.12.2021 10:45:29	pid:26864	m:'uchat_server started'
d: 1.12.2021 10:46:36	pid:26864	m:'Write string error'
d: 1.12.2021 10:46:36	pid:26864	m:'Error send'
d: 1.12.2021 10:46:36	pid:26864	m:'Write string error'
d: 1.12.2021 10:46:36	pid:26864	m:'Error send'
d: 1.12.2021 11:02:11	pid:28899	m:'database has been opened successfully'
d: 1.12.2021 11:02:11	pid:28899	m:'uchat_server started'
d: 1.12.2021 11:03:19	pid:29235	m:'database has been opened successfully'
d: 1.12.2021 11:03:19	pid:29235	m:'uchat_server started'
d: 1.12.2021 11:04:03	pid:29585	m:'database has been opened successfully'
d: 1.12.2021 11:04:03	pid:29585	m:'uchat_server started'
d: 1.12.2021 14:27:51	pid:54670	m:'database has been opened successfully'
d: 1.12.2021 14:27:51	pid:54670	m:'uchat_server started'
d: 1.12.2021 14:30:51	pid:56374	m:'database has been opened successfully'
d: 1.12.2021 14:30:51	pid:56374	m:'uchat_server started'
d: 1.12.2021 14:37:57	pid:60233	m:'database has been opened successfully'
d: 1.12.2021 14:37:57	pid:60233	m:'uchat_server started'
d: 1.12.2021 15:07:11	pid:63404	m:'database has been opened successfully'
d: 1.12.2021 15:07:11	pid:63404	m:'uchat_server started'
d: 1.12.2021 15:08:09	pid:63814	m:'database has been opened successfully'
d: 1.12.2021 15:08:09	pid:63814	m:'uchat_server started'
d: 1.12.2021 15:09:47	pid:64205	m:'database has been opened successfully'
d: 1.12.2021 15:09:47	pid:64205	m:'uchat_server started'
d: 1.12.2021 15:12:20	pid:64818	m:'database has been opened successfully'
d: 1.12.2021 15:12:20	pid:64818	m:'uchat_server started'
d: 1.12.2021 15:12:43	pid:65039	m:'database has been opened successfully'
d: 1.12.2021 15:12:43	pid:65039	m:'uchat_server started'
d: 1.12.2021 15:13:50	pid:65360	m:'database has been opened successfully'
d: 1.12.2021 15:13:50	pid:65360	m:'uchat_server started'
d: 1.12.2021 15:15:57	pid:66060	m:'database has been opened successfully'
d: 1.12.2021 15:15:57	pid:66060	m:'uchat_server started'
d: 1.12.2021 15:22:24	pid:67038	m:'database has been opened successfully'
d: 1.12.2021 15:22:24	pid:67038	m:'uchat_server started'
d: 1.12.2021 15:23:31	pid:67464	m:'database has been opened successfully'
d: 1.12.2021 15:23:31	pid:67464	m:'uchat_server started'
d: 1.12.2021 15:25:18	pid:68147	m:'database has been opened successfully'
d: 1.12.2021 15:25:18	pid:68147	m:'uchat_server started'
d: 1.12.2021 15:29:02	pid:69516	m:'database has been opened successfully'
d: 1.12.2021 15:29:02	pid:69516	m:'uchat_server started'
d: 1.12.2021 15:30:19	pid:70199	m:'database has been opened successfully'
d: 1.12.2021 15:30:19	pid:70199	m:'uchat_server started'
d: 1.12.2021 17:52:57	pid:91123	m:'database has been opened successfully'
d: 1.12.2021 17:52:57	pid:91123	m:'uchat_server started'
d: 2.12.2021 09:53:38	pid:3633	m:'database has been opened successfully'
d: 2.12.2021 09:53:39	pid:3633	m:'uchat_server started'
d: 2.12.2021 09:53:49	pid:3710	m:'database has been opened successfully'
d: 2.12.2021 09:53:49	pid:3710	m:'uchat_server started'
d: 2.12.2021 09:55:00	pid:4218	m:'database has been opened successfully'
d: 2.12.2021 12:12:26	pid:15647	m:'database has been opened successfully'
d: 2.12.2021 12:12:26	pid:15647	m:'uchat_server started'
d: 2.12.2021 12:16:57	pid:16443	m:'database has been opened successfully'
d: 2.12.2021 12:16:57	pid:16443	m:'uchat_server started'
d: 2.12.2021 12:43:40	pid:21562	m:'database has been opened successfully'
d: 2.12.2021 12:43:40	pid:21562	m:'uchat_server started'
d: 2.12.2021 14:08:45	pid:39770	m:'database has been opened successfully'
d: 2.12.2021 14:08:45	pid:39770	m:'uchat_server started'
d: 2.12.2021 14:10:12	pid:40305	m:'database has been opened successfully'
d: 2.12.2021 14:10:12	pid:40305	m:'uchat_server started'
d: 2.12.2021 14:11:16	pid:40805	m:'database has been opened successfully'
d: 2.12.2021 14:11:16	pid:40805	m:'uchat_server started'
d: 2.12.2021 14:13:02	pid:41246	m:'database has been opened successfully'
d: 2.12.2021 14:13:02	pid:41246	m:'uchat_server started'
d: 2.12.2021 14:14:08	pid:41747	m:'database has been opened successfully'
d: 2.12.2021 14:14:08	pid:41747	m:'uchat_server started'
d: 2.12.2021 14:15:22	pid:42237	m:'database has been opened successfully'
d: 2.12.2021 14:15:22	pid:42237	m:'uchat_server started'
d: 2.12.2021 14:16:16	pid:42713	m:'database has been opened successfully'
d: 2.12.2021 14:16:16	pid:42713	m:'uchat_server started'
d: 2.12.2021 14:16:33	pid:42928	m:'database has been opened successfully'
d: 2.12.2021 14:16:33	pid:42928	m:'uchat_server started'
d: 2.12.2021 14:18:00	pid:43501	m:'database has been opened successfully'
d: 2.12.2021 14:18:00	pid:43501	m:'uchat_server started'
d: 2.12.2021 14:19:29	pid:44608	m:'database has been opened successfully'
d: 2.12.2021 14:19:29	pid:44608	m:'uchat_server started'
d: 2.12.2021 14:22:35	pid:45483	m:'database has been opened successfully'
d: 2.12.2021 14:22:35	pid:45483	m:'uchat_server started'
d: 2.12.2021 14:23:33	pid:45910	m:'database has been opened successfully'
d: 2.12.2021 14:23:33	pid:45910	m:'uchat_server started'
d: 2.12.2021 14:25:18	pid:46511	m:'database has been opened successfully'
d: 2.12.2021 14:25:18	pid:46511	m:'uchat_server started'
d: 2.12.2021 22:48:26	pid:5863	m:'database has been opened successfully'
d: 2.12.2021 22:48:26	pid:5863	m:'uchat_server started'
d: 2.12.2021 22:51:39	pid:6719	m:'database has been opened successfully'
d: 2.12.2021 22:51:39	pid:6719	m:'uchat_server started'
d: 2.12.2021 23:01:08	pid:7947	m:'database has been opened successfully'
d: 2.12.2021 23:01:08	pid:7947	m:'uchat_server started'
d: 2.12.2021 23:02:07	pid:8449	m:'database has been opened successfully'
d: 2.12.2021 23:02:07	pid:8449	m:'uchat_server started'
d: 3.12.2021 11:08:36	pid:81487	m:'database has been opened successfully'
d: 3.12.2021 11:08:36	pid:81487	m:'uchat_server started'
d: 3.12.2021 11:18:24	pid:83023	m:'database has been opened successfully'
d: 3.12.2021 11:18:24	pid:83023	m:'uchat_server started'
d: 3.12.2021 11:21:27	pid:83742	m:'database has been opened successfully'
d: 3.12.2021 11:21:27	pid:83742	m:'uchat_server started'
d: 3.12.2021 11:26:05	pid:84905	m:'database has been opened successfully'
d: 3.12.2021 11:26:05	pid:84905	m:'uchat_server started'
d: 3.12.2021 11:27:59	pid:85485	m:'database has been opened successfully'
d: 3.12.2021 11:27:59	pid:85485	m:'uchat_server started'
d: 3.12.2021 11:35:10	pid:86593	m:'database has been opened successfully'
d: 3.12.2021 11:35:10	pid:86593	m:'uchat_server started'
d: 3.12.2021 11:36:49	pid:86922	m:'database has been opened successfully'
d: 3.12.2021 11:36:49	pid:86922	m:'uchat_server started'
d: 3.12.2021 11:53:52	pid:91049	m:'database has been opened successfully'
d: 3.12.2021 11:53:58	pid:91101	m:'database has been opened successfully'
d: 3.12.2021 11:53:58	pid:91101	m:'uchat_server started'
d: 3.12.2021 11:54:48	pid:91492	m:'database has been opened successfully'
d: 3.12.2021 11:54:48	pid:91492	m:'uchat_server started'
d: 3.12.2021 11:56:00	pid:91842	m:'database has been opened successfully'
d: 3.12.2021 11:56:06	pid:91877	m:'database has been opened successfully'
d: 3.12.2021 11:56:06	pid:91877	m:'uchat_server started'
d: 3.12.2021 11:57:15	pid:92098	m:'database has been opened successfully'
d: 3.12.2021 11:57:15	pid:92098	m:'uchat_server started'
d: 3.12.2021 12:00:55	pid:93046	m:'database has been opened successfully'
d: 3.12.2021 12:00:55	pid:93046	m:'uchat_server started'
d: 3.12.2021 12:10:33	pid:94523	m:'database has been opened successfully'
d: 3.12.2021 12:10:33	pid:94523	m:'uchat_server started'
d: 3.12.2021 12:10:36	pid:94559	m:'database has been opened successfully'
d: 3.12.2021 12:27:55	pid:98079	m:'database has been opened successfully'
d: 3.12.2021 12:27:55	pid:98079	m:'uchat_server started'
d: 3.12.2021 12:32:33	pid:98929	m:'database has been opened successfully'
d: 3.12.2021 12:32:33	pid:98929	m:'uchat_server started'
d: 3.12.2021 12:36:14	pid:99790	m:'database has been opened successfully'
d: 3.12.2021 12:36:14	pid:99790	m:'uchat_server started'
d: 3.12.2021 13:34:33	pid:2487	m:'database has been opened successfully'
d: 3.12.2021 13:34:33	pid:2487	m:'uchat_server started'
d: 3.12.2021 13:35:06	pid:2709	m:'database has been opened successfully'
d: 3.12.2021 13:35:06	pid:2709	m:'uchat_server started'
d: 3.12.2021 13:35:24	pid:2884	m:'database has been opened successfully'
d: 3.12.2021 13:35:24	pid:2884	m:'uchat_server started'
d: 3.12.2021 13:38:26	pid:3516	m:'database has been opened successfully'
d: 3.12.2021 13:38:26	pid:3516	m:'uchat_server started'
d: 3.12.2021 13:39:58	pid:3914	m:'database has been opened successfully'
d: 3.12.2021 13:39:58	pid:3914	m:'uchat_server started'
d: 3.12.2021 13:40:55	pid:4223	m:'database has been opened successfully'
d: 3.12.2021 13:40:55	pid:4223	m:'uchat_server started'
d: 3.12.2021 13:44:31	pid:4976	m:'database has been opened successfully'
d: 3.12.2021 13:44:31	pid:4976	m:'uchat_server started'
d: 3.12.2021 14:14:53	pid:11197	m:'database has been opened successfully'
d: 3.12.2021 14:14:53	pid:11197	m:'uchat_server started'
d: 3.12.2021 14:17:15	pid:12135	m:'database has been opened successfully'
d: 3.12.2021 14:17:15	pid:12135	m:'uchat_server started'
d: 3.12.2021 14:17:46	pid:12328	m:'database has been opened successfully'
d: 3.12.2021 14:17:46	pid:12328	m:'uchat_server started'
d: 3.12.2021 14:24:10	pid:13563	m:'database has been opened successfully'
d: 3.12.2021 14:24:10	pid:13563	m:'uchat_server started'
d: 3.12.2021 14:38:48	pid:15645	m:'database has been opened successfully'
d: 3.12.2021 14:38:48	pid:15645	m:'uchat_server started'
d: 3.12.2021 14:46:38	pid:17464	m:'database has been opened successfully'
d: 3.12.2021 14:46:38	pid:17464	m:'uchat_server started'
d: 3.12.2021 14:47:50	pid:17830	m:'database has been opened successfully'
d: 3.12.2021 14:47:50	pid:17830	m:'uchat_server started'
d: 3.12.2021 14:48:39	pid:18123	m:'database has been opened successfully'
d: 3.12.2021 14:48:39	pid:18123	m:'uchat_server started'
d: 3.12.2021 14:52:08	pid:18994	m:'database has been opened successfully'
d: 3.12.2021 14:52:08	pid:18994	m:'uchat_server started'
d: 3.12.2021 14:53:53	pid:19504	m:'database has been opened successfully'
d: 3.12.2021 14:53:53	pid:19504	m:'uchat_server started'
d: 3.12.2021 14:56:03	pid:20093	m:'database has been opened successfully'
d: 3.12.2021 14:56:03	pid:20093	m:'uchat_server started'
d: 3.12.2021 14:57:55	pid:20719	m:'database has been opened successfully'
d: 3.12.2021 14:57:55	pid:20719	m:'uchat_server started'
d: 3.12.2021 15:08:14	pid:22489	m:'database has been opened successfully'
d: 3.12.2021 15:08:14	pid:22489	m:'uchat_server started'
d: 3.12.2021 15:11:46	pid:23155	m:'database has been opened successfully'
d: 3.12.2021 15:11:46	pid:23155	m:'uchat_server started'
d: 3.12.2021 15:12:41	pid:23505	m:'database has been opened successfully'
d: 3.12.2021 15:12:41	pid:23505	m:'uchat_server started'
d: 3.12.2021 15:13:31	pid:24383	m:'database has been opened successfully'
d: 3.12.2021 15:13:31	pid:24383	m:'uchat_server started'
d: 3.12.2021 15:14:52	pid:24859	m:'database has been opened successfully'
d: 3.12.2021 15:14:52	pid:24859	m:'uchat_server started'
d: 3.12.2021 15:18:54	pid:1456	m:'database has been opened successfully'
d: 3.12.2021 15:18:54	pid:1456	m:'uchat_server started'
d: 3.12.2021 15:21:05	pid:2173	m:'database has been opened successfully'
d: 3.12.2021 15:21:05	pid:2173	m:'uchat_server started'
d: 3.12.2021 15:21:54	pid:2485	m:'database has been opened successfully'
d: 3.12.2021 15:21:54	pid:2485	m:'uchat_server started'
d: 3.12.2021 15:23:26	pid:3032	m:'database has been opened successfully'
d: 3.12.2021 15:23:26	pid:3032	m:'uchat_server started'
d: 3.12.2021 21:23:44	pid:5065	m:'database has been opened successfully'
d: 3.12.2021 21:23:44	pid:5065	m:'uchat_server started'
d: 3.12.2021 21:28:30	pid:6262	m:'database has been opened successfully'
d: 3.12.2021 21:28:30	pid:6262	m:'uchat_server started'
d: 3.12.2021 21:32:35	pid:7416	m:'database has been opened successfully'
d: 3.12.2021 21:32:35	pid:7416	m:'uchat_server started'
d: 3.12.2021 21:36:52	pid:8110	m:'database has been opened successfully'
d: 3.12.2021 21:36:52	pid:8110	m:'uchat_server started'
d: 3.12.2021 21:37:36	pid:8378	m:'database has been opened successfully'
d: 3.12.2021 21:37:36	pid:8378	m:'uchat_server started'
d: 3.12.2021 21:39:13	pid:8816	m:'database has been opened successfully'
d: 3.12.2021 21:39:13	pid:8816	m:'uchat_server started'
d: 3.12.2021 21:42:21	pid:9417	m:'database has been opened successfully'
d: 3.12.2021 21:42:21	pid:9417	m:'uchat_server started'
d: 3.12.2021 21:43:44	pid:9907	m:'database has been opened successfully'
d: 3.12.2021 21:43:44	pid:9907	m:'uchat_server started'
d: 3.12.2021 21:45:21	pid:10373	m:'database has been opened successfully'
d: 3.12.2021 21:45:21	pid:10373	m:'uchat_server started'
d: 3.12.2021 21:46:30	pid:10781	m:'database has been opened successfully'
d: 3.12.2021 21:46:30	pid:10781	m:'uchat_server started'
d: 3.12.2021 21:47:05	pid:11196	m:'database has been opened successfully'
d: 3.12.2021 21:47:05	pid:11196	m:'uchat_server started'
d: 3.12.2021 21:47:39	pid:11507	m:'database has been opened successfully'
d: 3.12.2021 21:47:39	pid:11507	m:'uchat_server started'
d: 3.12.2021 21:49:45	pid:12004	m:'database has been opened successfully'
d: 3.12.2021 21:49:45	pid:12004	m:'uchat_server started'
d: 3.12.2021 21:50:21	pid:12314	m:'database has been opened successfully'
d: 3.12.2021 21:50:21	pid:12314	m:'uchat_server started'
d: 3.12.2021 21:53:19	pid:12776	m:'database has been opened successfully'
d: 3.12.2021 21:53:19	pid:12776	m:'uchat_server started'
d: 3.12.2021 21:54:24	pid:13132	m:'database has been opened successfully'
d: 3.12.2021 21:54:24	pid:13132	m:'uchat_server started'
d: 3.12.2021 21:55:57	pid:13766	m:'database has been opened successfully'
d: 3.12.2021 21:55:57	pid:13766	m:'uchat_server started'
d: 3.12.2021 21:58:32	pid:14606	m:'database has been opened successfully'
d: 3.12.2021 21:58:32	pid:14606	m:'uchat_server started'
d: 3.12.2021 22:05:41	pid:16444	m:'database has been opened successfully'
d: 3.12.2021 22:05:41	pid:16444	m:'uchat_server started'
d: 3.12.2021 22:13:44	pid:18271	m:'database has been opened successfully'
d: 3.12.2021 22:13:44	pid:18271	m:'uchat_server started'
d: 3.12.2021 22:19:09	pid:19047	m:'database has been opened successfully'
d: 3.12.2021 22:19:09	pid:19047	m:'uchat_server started'
d: 3.12.2021 22:21:27	pid:19507	m:'database has been opened successfully'
d: 3.12.2021 22:21:27	pid:19507	m:'uchat_server started'
d: 3.12.2021 22:25:26	pid:20199	m:'database has been opened successfully'
d: 3.12.2021 22:25:26	pid:20199	m:'uchat_server started'
d: 3.12.2021 22:26:21	pid:20199	m:'Write string error'
d: 3.12.2021 22:26:21	pid:20199	m:'Error send'
d: 3.12.2021 22:26:21	pid:20199	m:'Write string error'
d: 3.12.2021 22:26:21	pid:20199	m:'Error send'
d: 3.12.2021 22:27:18	pid:20996	m:'database has been opened successfully'
d: 3.12.2021 22:27:18	pid:20996	m:'uchat_server started'
d: 3.12.2021 22:30:09	pid:21380	m:'database has been opened successfully'
d: 3.12.2021 22:30:09	pid:21380	m:'uchat_server started'
d: 3.12.2021 22:31:18	pid:21380	m:'Write string error'
d: 3.12.2021 22:31:18	pid:21380	m:'Error send'
d: 3.12.2021 22:31:18	pid:21380	m:'Write string error'
d: 3.12.2021 22:31:18	pid:21380	m:'Error send'
d: 3.12.2021 22:31:47	pid:21882	m:'database has been opened successfully'
d: 3.12.2021 22:31:47	pid:21882	m:'uchat_server started'
d: 3.12.2021 22:32:36	pid:22306	m:'database has been opened successfully'
d: 3.12.2021 22:34:06	pid:21882	m:'Write string error'
d: 3.12.2021 22:34:06	pid:21882	m:'Error send'
d: 3.12.2021 22:34:06	pid:21882	m:'Write string error'
d: 3.12.2021 22:34:06	pid:21882	m:'Error send'
d: 3.12.2021 22:34:37	pid:23029	m:'database has been opened successfully'
d: 3.12.2021 22:34:37	pid:23029	m:'uchat_server started'
d: 3.12.2021 22:37:30	pid:23649	m:'database has been opened successfully'
d: 3.12.2021 22:37:30	pid:23649	m:'uchat_server started'
d: 3.12.2021 22:38:32	pid:23649	m:'Write string error'
d: 3.12.2021 22:38:32	pid:23649	m:'Error send'
d: 3.12.2021 22:38:32	pid:23649	m:'Write string error'
d: 3.12.2021 22:38:32	pid:23649	m:'Error send'
d: 3.12.2021 22:41:52	pid:24633	m:'database has been opened successfully'
d: 3.12.2021 22:41:52	pid:24633	m:'uchat_server started'
d: 3.12.2021 22:42:34	pid:24956	m:'database has been opened successfully'
d: 3.12.2021 22:42:34	pid:24956	m:'uchat_server started'
d: 3.12.2021 22:43:49	pid:25435	m:'database has been opened successfully'
d: 3.12.2021 22:43:49	pid:25435	m:'uchat_server started'
d: 3.12.2021 22:46:09	pid:25954	m:'database has been opened successfully'
d: 3.12.2021 22:46:09	pid:25954	m:'uchat_server started'
d: 3.12.2021 22:47:32	pid:25954	m:'Write string error'
d: 3.12.2021 22:47:32	pid:25954	m:'Error send'
d: 3.12.2021 22:47:32	pid:25954	m:'Write string error'
d: 3.12.2021 22:47:32	pid:25954	m:'Error send'
d: 3.12.2021 22:47:43	pid:26534	m:'database has been opened successfully'
d: 3.12.2021 22:47:43	pid:26534	m:'uchat_server started'
d: 3.12.2021 22:54:20	pid:26534	m:'Write string error'
d: 3.12.2021 22:54:20	pid:26534	m:'Error send'
d: 3.12.2021 22:54:20	pid:26534	m:'Write string error'
d: 3.12.2021 22:54:20	pid:26534	m:'Error send'
d: 3.12.2021 22:54:20	pid:26534	m:'Write string error'
d: 3.12.2021 22:54:20	pid:26534	m:'Error send'
d: 3.12.2021 22:54:20	pid:26534	m:'Write string error'
d: 3.12.2021 22:54:20	pid:26534	m:'Error send'
