d:29.11.2021 19:51:03	pid:4069	m:'client started'
d:29.11.2021 19:51:03	pid:4069	m:'gui launched'
d:29.11.2021 19:52:03	pid:4370	m:'client started'
d:29.11.2021 19:52:03	pid:4370	m:'gui launched'
d:29.11.2021 19:54:19	pid:4762	m:'client started'
d:29.11.2021 19:54:19	pid:4762	m:'gui launched'
d:29.11.2021 19:55:36	pid:5954	m:'client started'
d:29.11.2021 19:55:36	pid:5954	m:'gui launched'
d:29.11.2021 21:13:09	pid:9954	m:'client started'
d:29.11.2021 21:13:09	pid:9954	m:'gui launched'
d:29.11.2021 21:17:22	pid:10889	m:'client started'
d:29.11.2021 21:17:22	pid:10889	m:'gui launched'
d:29.11.2021 21:18:01	pid:11157	m:'client started'
d:29.11.2021 21:18:01	pid:11157	m:'gui launched'
d:29.11.2021 21:24:25	pid:12905	m:'client started'
d:29.11.2021 21:24:25	pid:12905	m:'gui launched'
d:29.11.2021 22:16:12	pid:14789	m:'client started'
d:29.11.2021 22:16:12	pid:14789	m:'gui launched'
d:29.11.2021 22:17:26	pid:14789	m:'Write string error'
d:29.11.2021 22:17:26	pid:14789	m:'Error send'
d:29.11.2021 22:17:26	pid:14789	m:'Write string error'
d:29.11.2021 22:17:26	pid:14789	m:'Error send'
d:29.11.2021 22:17:31	pid:14789	m:'Write string error'
d:29.11.2021 22:17:31	pid:14789	m:'Error send'
d:29.11.2021 22:17:32	pid:14789	m:'Write string error'
d:29.11.2021 22:17:32	pid:14789	m:'Error send'
d:29.11.2021 22:17:32	pid:14789	m:'Write string error'
d:29.11.2021 22:17:32	pid:14789	m:'Error send'
d:29.11.2021 22:17:32	pid:14789	m:'Write string error'
d:29.11.2021 22:17:32	pid:14789	m:'Error send'
d:29.11.2021 22:17:33	pid:14789	m:'Write string error'
d:29.11.2021 22:17:33	pid:14789	m:'Error send'
d:29.11.2021 22:17:33	pid:14789	m:'Write string error'
d:29.11.2021 22:17:33	pid:14789	m:'Error send'
d:29.11.2021 22:17:45	pid:14789	m:'Write string error'
d:29.11.2021 22:17:45	pid:14789	m:'Error send'
d:29.11.2021 22:17:45	pid:14789	m:'Write string error'
d:29.11.2021 22:17:45	pid:14789	m:'Error send'
d:29.11.2021 22:17:45	pid:14789	m:'Write string error'
d:29.11.2021 22:17:45	pid:14789	m:'Error send'
d:29.11.2021 22:19:50	pid:15311	m:'client started'
d:29.11.2021 22:19:50	pid:15311	m:'gui launched'
d:29.11.2021 22:49:16	pid:18463	m:'client started'
d:29.11.2021 22:49:16	pid:18463	m:'gui launched'
d:29.11.2021 22:49:47	pid:18644	m:'client started'
d:29.11.2021 22:49:47	pid:18644	m:'gui launched'
d:29.11.2021 22:50:47	pid:19011	m:'client started'
d:29.11.2021 22:50:47	pid:19011	m:'gui launched'
d:29.11.2021 22:51:05	pid:19171	m:'client started'
d:29.11.2021 22:51:05	pid:19171	m:'gui launched'
d:29.11.2021 22:55:19	pid:19832	m:'client started'
d:29.11.2021 22:55:19	pid:19832	m:'gui launched'
d:29.11.2021 22:55:46	pid:20057	m:'client started'
d:29.11.2021 22:55:46	pid:20057	m:'gui launched'
d:29.11.2021 22:56:08	pid:20237	m:'client started'
d:29.11.2021 22:56:08	pid:20237	m:'gui launched'
d:29.11.2021 23:02:59	pid:21148	m:'client started'
d:29.11.2021 23:02:59	pid:21148	m:'gui launched'
d:29.11.2021 23:03:22	pid:21376	m:'client started'
d:29.11.2021 23:03:22	pid:21376	m:'gui launched'
d:29.11.2021 23:04:03	pid:21753	m:'client started'
d:29.11.2021 23:04:03	pid:21753	m:'gui launched'
d:29.11.2021 23:05:27	pid:22099	m:'client started'
d:29.11.2021 23:05:27	pid:22099	m:'gui launched'
d:29.11.2021 23:09:08	pid:22543	m:'client started'
d:29.11.2021 23:09:08	pid:22543	m:'gui launched'
d:29.11.2021 23:10:44	pid:23023	m:'client started'
d:29.11.2021 23:10:44	pid:23023	m:'gui launched'
d:29.11.2021 23:11:24	pid:23318	m:'client started'
d:29.11.2021 23:11:24	pid:23318	m:'gui launched'
d:29.11.2021 23:20:19	pid:24147	m:'client started'
d:29.11.2021 23:20:19	pid:24147	m:'gui launched'
d:29.11.2021 23:22:20	pid:24910	m:'client started'
d:29.11.2021 23:22:20	pid:24910	m:'gui launched'
d:29.11.2021 23:24:53	pid:25355	m:'client started'
d:29.11.2021 23:24:53	pid:25355	m:'gui launched'
d:29.11.2021 23:25:18	pid:25581	m:'client started'
d:29.11.2021 23:25:18	pid:25581	m:'gui launched'
d:30.11.2021 13:51:33	pid:7535	m:'client started'
d:30.11.2021 13:51:33	pid:7535	m:'gui launched'
d:30.11.2021 13:58:23	pid:8651	m:'client started'
d:30.11.2021 13:58:23	pid:8651	m:'gui launched'
d:30.11.2021 14:14:12	pid:12592	m:'client started'
d:30.11.2021 14:14:12	pid:12592	m:'gui launched'
d:30.11.2021 14:14:50	pid:12811	m:'client started'
d:30.11.2021 14:14:50	pid:12811	m:'gui launched'
d:30.11.2021 14:19:23	pid:14039	m:'client started'
d:30.11.2021 14:19:23	pid:14039	m:'gui launched'
d:30.11.2021 14:19:46	pid:14135	m:'client started'
d:30.11.2021 14:19:46	pid:14135	m:'gui launched'
d:30.11.2021 14:24:07	pid:15144	m:'client started'
d:30.11.2021 14:24:07	pid:15144	m:'gui launched'
d:30.11.2021 14:28:01	pid:15993	m:'client started'
d:30.11.2021 14:28:01	pid:15993	m:'gui launched'
d:30.11.2021 14:40:04	pid:18835	m:'client started'
d:30.11.2021 14:40:04	pid:18835	m:'gui launched'
d:30.11.2021 14:41:20	pid:19132	m:'client started'
d:30.11.2021 14:41:20	pid:19132	m:'gui launched'
d:30.11.2021 16:18:57	pid:10045	m:'client started'
d:30.11.2021 16:18:57	pid:10045	m:'gui launched'
d:30.11.2021 16:19:02	pid:10088	m:'client started'
d:30.11.2021 16:19:02	pid:10088	m:'gui launched'
d:30.11.2021 16:48:42	pid:27073	m:'client started'
d:30.11.2021 16:48:42	pid:27073	m:'gui launched'
d:30.11.2021 16:49:12	pid:27273	m:'client started'
d:30.11.2021 16:49:12	pid:27273	m:'gui launched'
d: 1.12.2021 10:45:40	pid:26950	m:'client started'
d: 1.12.2021 10:45:40	pid:26950	m:'gui launched'
d: 1.12.2021 10:46:05	pid:27170	m:'client started'
d: 1.12.2021 10:46:05	pid:27170	m:'gui launched'
d: 1.12.2021 10:46:42	pid:27489	m:'client started'
d: 1.12.2021 10:46:42	pid:27489	m:'gui launched'
d: 1.12.2021 11:02:18	pid:28935	m:'client started'
d: 1.12.2021 11:02:18	pid:28935	m:'gui launched'
d: 1.12.2021 11:03:22	pid:29269	m:'client started'
d: 1.12.2021 11:03:22	pid:29269	m:'gui launched'
d: 1.12.2021 11:03:38	pid:29417	m:'client started'
d: 1.12.2021 11:03:38	pid:29417	m:'gui launched'
d: 1.12.2021 11:04:06	pid:29619	m:'client started'
d: 1.12.2021 11:04:06	pid:29619	m:'gui launched'
d: 1.12.2021 14:28:03	pid:54763	m:'client started'
d: 1.12.2021 14:28:03	pid:54763	m:'gui launched'
d: 1.12.2021 14:28:19	pid:54912	m:'client started'
d: 1.12.2021 14:28:19	pid:54912	m:'gui launched'
d: 1.12.2021 14:29:02	pid:55250	m:'client started'
d: 1.12.2021 14:29:02	pid:55250	m:'gui launched'
d: 1.12.2021 14:30:54	pid:56397	m:'client started'
d: 1.12.2021 14:30:54	pid:56397	m:'gui launched'
d: 1.12.2021 14:31:38	pid:56801	m:'client started'
d: 1.12.2021 14:31:38	pid:56801	m:'gui launched'
d: 1.12.2021 14:32:37	pid:57135	m:'client started'
d: 1.12.2021 14:32:37	pid:57135	m:'gui launched'
d: 1.12.2021 14:33:00	pid:57319	m:'client started'
d: 1.12.2021 14:33:00	pid:57319	m:'gui launched'
d: 1.12.2021 14:33:49	pid:57788	m:'client started'
d: 1.12.2021 14:33:49	pid:57788	m:'gui launched'
d: 1.12.2021 14:33:51	pid:57841	m:'client started'
d: 1.12.2021 14:33:51	pid:57841	m:'gui launched'
d: 1.12.2021 14:38:01	pid:60272	m:'client started'
d: 1.12.2021 14:38:01	pid:60272	m:'gui launched'
d: 1.12.2021 15:07:14	pid:63437	m:'client started'
d: 1.12.2021 15:07:14	pid:63437	m:'gui launched'
d: 1.12.2021 15:07:53	pid:63701	m:'client started'
d: 1.12.2021 15:07:53	pid:63701	m:'gui launched'
d: 1.12.2021 15:08:19	pid:63876	m:'client started'
d: 1.12.2021 15:08:19	pid:63876	m:'gui launched'
d: 1.12.2021 15:09:51	pid:64248	m:'client started'
d: 1.12.2021 15:09:51	pid:64248	m:'gui launched'
d: 1.12.2021 15:12:23	pid:64836	m:'client started'
d: 1.12.2021 15:12:23	pid:64836	m:'gui launched'
d: 1.12.2021 15:12:47	pid:65073	m:'client started'
d: 1.12.2021 15:12:47	pid:65073	m:'gui launched'
d: 1.12.2021 15:13:52	pid:65383	m:'client started'
d: 1.12.2021 15:13:52	pid:65383	m:'gui launched'
d: 1.12.2021 15:16:00	pid:66111	m:'client started'
d: 1.12.2021 15:16:00	pid:66111	m:'gui launched'
d: 1.12.2021 15:22:27	pid:67055	m:'client started'
d: 1.12.2021 15:22:27	pid:67055	m:'gui launched'
d: 1.12.2021 15:23:35	pid:67515	m:'client started'
d: 1.12.2021 15:23:35	pid:67515	m:'gui launched'
d: 1.12.2021 15:23:51	pid:67670	m:'client started'
d: 1.12.2021 15:23:51	pid:67670	m:'gui launched'
d: 1.12.2021 15:25:21	pid:68199	m:'client started'
d: 1.12.2021 15:25:21	pid:68199	m:'gui launched'
d: 1.12.2021 15:25:42	pid:68411	m:'client started'
d: 1.12.2021 15:25:42	pid:68411	m:'gui launched'
d: 1.12.2021 15:27:24	pid:68809	m:'client started'
d: 1.12.2021 15:27:24	pid:68809	m:'gui launched'
d: 1.12.2021 15:27:57	pid:69025	m:'client started'
d: 1.12.2021 15:27:57	pid:69025	m:'gui launched'
d: 1.12.2021 15:28:48	pid:69370	m:'client started'
d: 1.12.2021 15:28:48	pid:69370	m:'gui launched'
d: 1.12.2021 15:29:05	pid:69542	m:'client started'
d: 1.12.2021 15:29:05	pid:69542	m:'gui launched'
d: 1.12.2021 15:29:28	pid:69687	m:'client started'
d: 1.12.2021 15:29:28	pid:69687	m:'gui launched'
d: 1.12.2021 15:30:22	pid:70241	m:'client started'
d: 1.12.2021 15:30:22	pid:70241	m:'gui launched'
d: 1.12.2021 15:30:56	pid:70563	m:'client started'
d: 1.12.2021 15:30:56	pid:70563	m:'gui launched'
d: 1.12.2021 17:53:09	pid:91203	m:'client started'
d: 1.12.2021 17:53:09	pid:91203	m:'gui launched'
d: 2.12.2021 09:54:02	pid:3791	m:'client started'
d: 2.12.2021 09:54:02	pid:3791	m:'gui launched'
d: 2.12.2021 09:54:42	pid:4043	m:'client started'
d: 2.12.2021 09:54:42	pid:4043	m:'gui launched'
d: 2.12.2021 09:55:11	pid:4253	m:'client started'
d: 2.12.2021 09:55:11	pid:4253	m:'gui launched'
d: 2.12.2021 12:13:14	pid:15726	m:'client started'
d: 2.12.2021 12:13:14	pid:15726	m:'gui launched'
d: 2.12.2021 12:16:16	pid:16111	m:'client started'
d: 2.12.2021 12:16:16	pid:16111	m:'gui launched'
d: 2.12.2021 12:16:59	pid:16481	m:'client started'
d: 2.12.2021 12:16:59	pid:16481	m:'gui launched'
d: 2.12.2021 14:08:55	pid:39836	m:'client started'
d: 2.12.2021 14:08:55	pid:39836	m:'gui launched'
d: 2.12.2021 14:10:22	pid:40381	m:'client started'
d: 2.12.2021 14:10:22	pid:40381	m:'gui launched'
d: 2.12.2021 14:11:19	pid:40831	m:'client started'
d: 2.12.2021 14:11:19	pid:40831	m:'gui launched'
d: 2.12.2021 14:13:04	pid:41265	m:'client started'
d: 2.12.2021 14:13:04	pid:41265	m:'gui launched'
d: 2.12.2021 14:14:11	pid:41776	m:'client started'
d: 2.12.2021 14:14:11	pid:41776	m:'gui launched'
d: 2.12.2021 14:15:24	pid:42261	m:'client started'
d: 2.12.2021 14:15:24	pid:42261	m:'gui launched'
d: 2.12.2021 14:15:49	pid:42493	m:'client started'
d: 2.12.2021 14:15:49	pid:42493	m:'gui launched'
d: 2.12.2021 14:16:36	pid:42951	m:'client started'
d: 2.12.2021 14:16:36	pid:42951	m:'gui launched'
d: 2.12.2021 14:18:03	pid:43518	m:'client started'
d: 2.12.2021 14:18:03	pid:43518	m:'gui launched'
d: 2.12.2021 14:19:31	pid:44633	m:'client started'
d: 2.12.2021 14:19:31	pid:44633	m:'gui launched'
d: 2.12.2021 14:22:39	pid:45506	m:'client started'
d: 2.12.2021 14:22:39	pid:45506	m:'gui launched'
d: 2.12.2021 14:23:38	pid:45944	m:'client started'
d: 2.12.2021 14:23:38	pid:45944	m:'gui launched'
d: 2.12.2021 14:25:22	pid:46553	m:'client started'
d: 2.12.2021 14:25:22	pid:46553	m:'gui launched'
d: 2.12.2021 22:48:36	pid:5933	m:'client started'
d: 2.12.2021 22:48:36	pid:5933	m:'gui launched'
d: 2.12.2021 22:51:42	pid:6761	m:'client started'
d: 2.12.2021 22:51:42	pid:6761	m:'gui launched'
d: 2.12.2021 22:52:08	pid:6958	m:'client started'
d: 2.12.2021 22:52:08	pid:6958	m:'gui launched'
d: 2.12.2021 23:01:10	pid:7982	m:'client started'
d: 2.12.2021 23:01:10	pid:7982	m:'gui launched'
d: 2.12.2021 23:02:10	pid:8480	m:'client started'
d: 2.12.2021 23:02:10	pid:8480	m:'gui launched'
d: 2.12.2021 23:02:28	pid:8620	m:'client started'
d: 2.12.2021 23:02:28	pid:8620	m:'gui launched'
d: 3.12.2021 11:08:39	pid:81504	m:'client started'
d: 3.12.2021 11:08:39	pid:81504	m:'gui launched'
d: 3.12.2021 11:13:03	pid:82182	m:'client started'
d: 3.12.2021 11:13:03	pid:82182	m:'gui launched'
d: 3.12.2021 11:16:05	pid:82623	m:'client started'
d: 3.12.2021 11:16:05	pid:82623	m:'gui launched'
d: 3.12.2021 11:18:29	pid:83063	m:'client started'
d: 3.12.2021 11:18:29	pid:83063	m:'gui launched'
d: 3.12.2021 11:20:08	pid:83335	m:'client started'
d: 3.12.2021 11:20:08	pid:83335	m:'gui launched'
d: 3.12.2021 11:20:18	pid:83335	m:'Write string error'
d: 3.12.2021 11:20:18	pid:83335	m:'Error send'
d: 3.12.2021 11:20:20	pid:83335	m:'Write string error'
d: 3.12.2021 11:20:20	pid:83335	m:'Error send'
d: 3.12.2021 11:20:23	pid:83335	m:'Write string error'
d: 3.12.2021 11:20:23	pid:83335	m:'Error send'
d: 3.12.2021 11:20:23	pid:83335	m:'Write string error'
d: 3.12.2021 11:20:23	pid:83335	m:'Error send'
d: 3.12.2021 11:21:11	pid:83335	m:'Write string error'
d: 3.12.2021 11:21:11	pid:83335	m:'Error send'
d: 3.12.2021 11:21:31	pid:83757	m:'client started'
d: 3.12.2021 11:21:31	pid:83757	m:'gui launched'
d: 3.12.2021 11:26:13	pid:84997	m:'client started'
d: 3.12.2021 11:26:13	pid:84997	m:'gui launched'
d: 3.12.2021 11:28:02	pid:85501	m:'client started'
d: 3.12.2021 11:28:02	pid:85501	m:'gui launched'
d: 3.12.2021 11:35:17	pid:86624	m:'client started'
d: 3.12.2021 11:35:17	pid:86624	m:'gui launched'
d: 3.12.2021 11:36:54	pid:86937	m:'client started'
d: 3.12.2021 11:36:54	pid:86937	m:'gui launched'
d: 3.12.2021 11:54:02	pid:91130	m:'client started'
d: 3.12.2021 11:54:02	pid:91130	m:'gui launched'
d: 3.12.2021 11:54:18	pid:91202	m:'client started'
d: 3.12.2021 11:54:18	pid:91202	m:'gui launched'
d: 3.12.2021 11:54:52	pid:91521	m:'client started'
d: 3.12.2021 11:54:52	pid:91521	m:'gui launched'
d: 3.12.2021 11:55:03	pid:91574	m:'client started'
d: 3.12.2021 11:55:03	pid:91574	m:'gui launched'
d: 3.12.2021 11:56:20	pid:91917	m:'client started'
d: 3.12.2021 11:56:20	pid:91917	m:'gui launched'
d: 3.12.2021 12:01:00	pid:93059	m:'client started'
d: 3.12.2021 12:01:00	pid:93059	m:'gui launched'
d: 3.12.2021 12:10:44	pid:94636	m:'client started'
d: 3.12.2021 12:10:44	pid:94636	m:'gui launched'
d: 3.12.2021 12:27:58	pid:98092	m:'client started'
d: 3.12.2021 12:27:58	pid:98092	m:'gui launched'
d: 3.12.2021 12:32:37	pid:98956	m:'client started'
d: 3.12.2021 12:32:37	pid:98956	m:'gui launched'
d: 3.12.2021 12:36:18	pid:99803	m:'client started'
d: 3.12.2021 12:36:18	pid:99803	m:'gui launched'
d: 3.12.2021 13:34:45	pid:2584	m:'client started'
d: 3.12.2021 13:34:45	pid:2584	m:'gui launched'
d: 3.12.2021 13:35:10	pid:2742	m:'client started'
d: 3.12.2021 13:35:10	pid:2742	m:'gui launched'
d: 3.12.2021 13:35:27	pid:2895	m:'client started'
d: 3.12.2021 13:35:27	pid:2895	m:'gui launched'
d: 3.12.2021 13:38:30	pid:3548	m:'client started'
d: 3.12.2021 13:38:30	pid:3548	m:'gui launched'
d: 3.12.2021 13:40:04	pid:3981	m:'client started'
d: 3.12.2021 13:40:04	pid:3981	m:'gui launched'
d: 3.12.2021 13:40:18	pid:4057	m:'client started'
d: 3.12.2021 13:40:18	pid:4057	m:'gui launched'
d: 3.12.2021 13:40:59	pid:4254	m:'client started'
d: 3.12.2021 13:40:59	pid:4254	m:'gui launched'
d: 3.12.2021 13:41:11	pid:4347	m:'client started'
d: 3.12.2021 13:41:11	pid:4347	m:'gui launched'
d: 3.12.2021 13:44:34	pid:4989	m:'client started'
d: 3.12.2021 13:44:34	pid:4989	m:'gui launched'
d: 3.12.2021 14:14:57	pid:11213	m:'client started'
d: 3.12.2021 14:14:57	pid:11213	m:'gui launched'
d: 3.12.2021 14:15:03	pid:11277	m:'client started'
d: 3.12.2021 14:15:03	pid:11277	m:'gui launched'
d: 3.12.2021 14:15:11	pid:11342	m:'client started'
d: 3.12.2021 14:15:11	pid:11342	m:'gui launched'
d: 3.12.2021 14:17:18	pid:12147	m:'client started'
d: 3.12.2021 14:17:18	pid:12147	m:'gui launched'
d: 3.12.2021 14:17:52	pid:12362	m:'client started'
d: 3.12.2021 14:17:52	pid:12362	m:'gui launched'
d: 3.12.2021 14:24:13	pid:13593	m:'client started'
d: 3.12.2021 14:24:13	pid:13593	m:'gui launched'
d: 3.12.2021 14:24:44	pid:13746	m:'client started'
d: 3.12.2021 14:24:44	pid:13746	m:'gui launched'
d: 3.12.2021 14:38:52	pid:15660	m:'client started'
d: 3.12.2021 14:38:52	pid:15660	m:'gui launched'
d: 3.12.2021 14:46:42	pid:17478	m:'client started'
d: 3.12.2021 14:46:42	pid:17478	m:'gui launched'
d: 3.12.2021 14:47:53	pid:17842	m:'client started'
d: 3.12.2021 14:47:53	pid:17842	m:'gui launched'
d: 3.12.2021 14:48:48	pid:18178	m:'client started'
d: 3.12.2021 14:48:48	pid:18178	m:'gui launched'
d: 3.12.2021 14:52:12	pid:19007	m:'client started'
d: 3.12.2021 14:52:12	pid:19007	m:'gui launched'
d: 3.12.2021 14:53:59	pid:19556	m:'client started'
d: 3.12.2021 14:53:59	pid:19556	m:'gui launched'
d: 3.12.2021 14:56:09	pid:20145	m:'client started'
d: 3.12.2021 14:56:09	pid:20145	m:'gui launched'
d: 3.12.2021 14:56:38	pid:20324	m:'client started'
d: 3.12.2021 14:56:38	pid:20324	m:'gui launched'
d: 3.12.2021 14:57:57	pid:20733	m:'client started'
d: 3.12.2021 14:57:57	pid:20733	m:'gui launched'
d: 3.12.2021 15:08:18	pid:22517	m:'client started'
d: 3.12.2021 15:08:18	pid:22517	m:'gui launched'
d: 3.12.2021 15:11:55	pid:23226	m:'client started'
d: 3.12.2021 15:11:55	pid:23226	m:'gui launched'
d: 3.12.2021 15:12:45	pid:23537	m:'client started'
d: 3.12.2021 15:12:45	pid:23537	m:'gui launched'
d: 3.12.2021 15:13:37	pid:24433	m:'client started'
d: 3.12.2021 15:13:37	pid:24433	m:'gui launched'
d: 3.12.2021 15:14:55	pid:24889	m:'client started'
d: 3.12.2021 15:14:55	pid:24889	m:'gui launched'
d: 3.12.2021 15:19:01	pid:1548	m:'client started'
d: 3.12.2021 15:19:01	pid:1548	m:'gui launched'
d: 3.12.2021 15:21:11	pid:2204	m:'client started'
d: 3.12.2021 15:21:11	pid:2204	m:'gui launched'
d: 3.12.2021 15:22:00	pid:2526	m:'client started'
d: 3.12.2021 15:22:00	pid:2526	m:'gui launched'
d: 3.12.2021 15:22:51	pid:2744	m:'client started'
d: 3.12.2021 15:22:51	pid:2744	m:'gui launched'
d: 3.12.2021 15:23:30	pid:3047	m:'client started'
d: 3.12.2021 15:23:30	pid:3047	m:'gui launched'
d: 3.12.2021 21:23:55	pid:5174	m:'client started'
d: 3.12.2021 21:23:55	pid:5174	m:'gui launched'
d: 3.12.2021 21:28:35	pid:6312	m:'client started'
d: 3.12.2021 21:28:35	pid:6312	m:'gui launched'
d: 3.12.2021 21:32:42	pid:7458	m:'client started'
d: 3.12.2021 21:32:42	pid:7458	m:'gui launched'
d: 3.12.2021 21:36:57	pid:8161	m:'client started'
d: 3.12.2021 21:36:57	pid:8161	m:'gui launched'
d: 3.12.2021 21:37:40	pid:8427	m:'client started'
d: 3.12.2021 21:37:40	pid:8427	m:'gui launched'
d: 3.12.2021 21:39:16	pid:8872	m:'client started'
d: 3.12.2021 21:39:16	pid:8872	m:'gui launched'
d: 3.12.2021 21:42:25	pid:9465	m:'client started'
d: 3.12.2021 21:42:25	pid:9465	m:'gui launched'
d: 3.12.2021 21:43:46	pid:9945	m:'client started'
d: 3.12.2021 21:43:46	pid:9945	m:'gui launched'
d: 3.12.2021 21:45:26	pid:10414	m:'client started'
d: 3.12.2021 21:45:26	pid:10414	m:'gui launched'
d: 3.12.2021 21:46:33	pid:10812	m:'client started'
d: 3.12.2021 21:46:33	pid:10812	m:'gui launched'
d: 3.12.2021 21:47:09	pid:11223	m:'client started'
d: 3.12.2021 21:47:09	pid:11223	m:'gui launched'
d: 3.12.2021 21:47:42	pid:11537	m:'client started'
d: 3.12.2021 21:47:42	pid:11537	m:'gui launched'
d: 3.12.2021 21:49:49	pid:12037	m:'client started'
d: 3.12.2021 21:49:49	pid:12037	m:'gui launched'
d: 3.12.2021 21:50:24	pid:12333	m:'client started'
d: 3.12.2021 21:50:24	pid:12333	m:'gui launched'
d: 3.12.2021 21:53:22	pid:12818	m:'client started'
d: 3.12.2021 21:53:22	pid:12818	m:'gui launched'
d: 3.12.2021 21:54:26	pid:13161	m:'client started'
d: 3.12.2021 21:54:26	pid:13161	m:'gui launched'
d: 3.12.2021 21:56:00	pid:13791	m:'client started'
d: 3.12.2021 21:56:00	pid:13791	m:'gui launched'
d: 3.12.2021 21:58:34	pid:14629	m:'client started'
d: 3.12.2021 21:58:34	pid:14629	m:'gui launched'
d: 3.12.2021 22:05:44	pid:16467	m:'client started'
d: 3.12.2021 22:05:44	pid:16467	m:'gui launched'
d: 3.12.2021 22:07:47	pid:16829	m:'client started'
d: 3.12.2021 22:07:47	pid:16829	m:'gui launched'
d: 3.12.2021 22:14:15	pid:18360	m:'client started'
d: 3.12.2021 22:14:15	pid:18360	m:'gui launched'
d: 3.12.2021 22:19:12	pid:19066	m:'client started'
d: 3.12.2021 22:19:12	pid:19066	m:'gui launched'
d: 3.12.2021 22:21:31	pid:19547	m:'client started'
d: 3.12.2021 22:21:31	pid:19547	m:'gui launched'
d: 3.12.2021 22:25:30	pid:20237	m:'client started'
d: 3.12.2021 22:25:30	pid:20237	m:'gui launched'
d: 3.12.2021 22:25:41	pid:20383	m:'client started'
d: 3.12.2021 22:25:41	pid:20383	m:'gui launched'
d: 3.12.2021 22:27:22	pid:21025	m:'client started'
d: 3.12.2021 22:27:22	pid:21025	m:'gui launched'
d: 3.12.2021 22:30:11	pid:21405	m:'client started'
d: 3.12.2021 22:30:11	pid:21405	m:'gui launched'
d: 3.12.2021 22:31:51	pid:21916	m:'client started'
d: 3.12.2021 22:31:51	pid:21916	m:'gui launched'
d: 3.12.2021 22:33:01	pid:22341	m:'client started'
d: 3.12.2021 22:33:01	pid:22341	m:'gui launched'
d: 3.12.2021 22:34:40	pid:23053	m:'client started'
d: 3.12.2021 22:34:40	pid:23053	m:'gui launched'
d: 3.12.2021 22:37:33	pid:23667	m:'client started'
d: 3.12.2021 22:37:33	pid:23667	m:'gui launched'
d: 3.12.2021 22:37:53	pid:23871	m:'client started'
d: 3.12.2021 22:37:53	pid:23871	m:'gui launched'
d: 3.12.2021 22:41:54	pid:24645	m:'client started'
d: 3.12.2021 22:41:54	pid:24645	m:'gui launched'
d: 3.12.2021 22:42:37	pid:25000	m:'client started'
d: 3.12.2021 22:42:37	pid:25000	m:'gui launched'
d: 3.12.2021 22:43:52	pid:25458	m:'client started'
d: 3.12.2021 22:43:52	pid:25458	m:'gui launched'
d: 3.12.2021 22:46:12	pid:25978	m:'client started'
d: 3.12.2021 22:46:12	pid:25978	m:'gui launched'
d: 3.12.2021 22:47:45	pid:26552	m:'client started'
d: 3.12.2021 22:47:45	pid:26552	m:'gui launched'
d: 3.12.2021 22:59:29	pid:28565	m:'client started'
d: 3.12.2021 22:59:29	pid:28565	m:'gui launched'
d: 3.12.2021 23:01:28	pid:29195	m:'client started'
d: 3.12.2021 23:01:28	pid:29195	m:'gui launched'
d: 3.12.2021 23:05:33	pid:29944	m:'client started'
d: 3.12.2021 23:05:33	pid:29944	m:'gui launched'
d: 3.12.2021 23:08:31	pid:30702	m:'client started'
d: 3.12.2021 23:08:31	pid:30702	m:'gui launched'
d: 3.12.2021 23:57:59	pid:33108	m:'client started'
d: 3.12.2021 23:57:59	pid:33108	m:'gui launched'
d: 3.12.2021 23:59:58	pid:33457	m:'client started'
d: 3.12.2021 23:59:58	pid:33457	m:'gui launched'
d: 4.12.2021 00:01:58	pid:34027	m:'client started'
d: 4.12.2021 00:01:58	pid:34027	m:'gui launched'
